

Microchip Technology PIC18 LITE Macro Assembler V1.35 build -356382666 
                                                                                               Tue Oct 31 11:20:38 2017

Microchip Technology Omniscient Code Generator v1.35 (Free mode) build 201507080246
     1                           	processor	18F4331
     2                           	fnconf	rparam,??,?,0
     3                           	opt	pw 120
     4                           	opt	lm
     5                           	psect	cinit,global,reloc=2,class=CODE,delta=1
     6                           	psect	cstackCOMRAM,global,class=COMRAM,space=1,delta=1
     7                           	psect	text0,global,reloc=2,class=CODE,delta=1
     8                           	psect	text1,global,reloc=2,class=CODE,delta=1
     9                           	psect	intsave_regs,global,class=BIGRAM,space=1,delta=1
    10                           	psect	rparam,global,class=COMRAM,space=1,delta=1
    11  0000                     _LATCbits	set	3979
    12                           
    13                           ; #config settings
    14                           
    15                           	psect	cinit
    16  001FF2                     __pcinit:
    17                           	opt stack 0
    18  001FF2                     start_initialization:
    19                           	opt stack 0
    20  001FF2                     __initialization:
    21                           	opt stack 0
    22  001FF2                     end_of_initialization:
    23                           	opt stack 0
    24  001FF2                     __end_of__initialization:
    25                           	opt stack 0
    26  001FF2  0100               	movlb	0
    27  001FF4  EFFC  F00F         	goto	_main	;jump to C main() function
    28                           
    29                           	psect	cstackCOMRAM
    30  000000                     __pcstackCOMRAM:
    31                           	opt stack 0
    32  000000                     
    33                           ; 0 bytes @ 0x0
    34 ;;
    35 ;;Main: autosize = 0, tempsize = 0, incstack = 0, save=0
    36 ;;
    37 ;; *************** function _main *****************
    38 ;; Defined at:
    39 ;;		line 20 in file "main.c"
    40 ;; Parameters:    Size  Location     Type
    41 ;;		None
    42 ;; Auto vars:     Size  Location     Type
    43 ;;		None
    44 ;; Return value:  Size  Location     Type
    45 ;;		None               void
    46 ;; Registers used:
    47 ;;		cstack
    48 ;; Tracked objects:
    49 ;;		On entry : 0/0
    50 ;;		On exit  : 0/0
    51 ;;		Unchanged: 0/0
    52 ;; Data sizes:     COMRAM   BANK0   BANK1   BANK2
    53 ;;      Params:         0       0       0       0
    54 ;;      Locals:         0       0       0       0
    55 ;;      Temps:          0       0       0       0
    56 ;;      Totals:         0       0       0       0
    57 ;;Total ram usage:        0 bytes
    58 ;; Hardware stack levels required when called:    1
    59 ;; This function calls:
    60 ;;		_initialiseLED
    61 ;; This function is called by:
    62 ;;		Startup code after reset
    63 ;; This function uses a non-reentrant model
    64 ;;
    65                           
    66                           	psect	text0
    67  001FF8                     __ptext0:
    68                           	opt stack 0
    69  001FF8                     _main:
    70                           	opt stack 30
    71                           
    72                           ;main.c: 22: initialiseLED();
    73                           
    74                           ;incstack = 0
    75  001FF8  ECF8  F00F         	call	_initialiseLED	;wreg free
    76  001FFC  EF00  F000         	goto	start
    77  002000                     __end_of_main:
    78                           	opt stack 0
    79                           
    80 ;; *************** function _initialiseLED *****************
    81 ;; Defined at:
    82 ;;		line 26 in file "main.c"
    83 ;; Parameters:    Size  Location     Type
    84 ;;		None
    85 ;; Auto vars:     Size  Location     Type
    86 ;;		None
    87 ;; Return value:  Size  Location     Type
    88 ;;		None               void
    89 ;; Registers used:
    90 ;;		None
    91 ;; Tracked objects:
    92 ;;		On entry : 0/0
    93 ;;		On exit  : 0/0
    94 ;;		Unchanged: 0/0
    95 ;; Data sizes:     COMRAM   BANK0   BANK1   BANK2
    96 ;;      Params:         0       0       0       0
    97 ;;      Locals:         0       0       0       0
    98 ;;      Temps:          0       0       0       0
    99 ;;      Totals:         0       0       0       0
   100 ;;Total ram usage:        0 bytes
   101 ;; Hardware stack levels used:    1
   102 ;; This function calls:
   103 ;;		Nothing
   104 ;; This function is called by:
   105 ;;		_main
   106 ;; This function uses a non-reentrant model
   107 ;;
   108                           
   109                           	psect	text1
   110  001FF0                     __ptext1:
   111                           	opt stack 0
   112  001FF0                     _initialiseLED:
   113                           	opt stack 30
   114                           
   115                           ;incstack = 0
   116  001FF0  0012               	return		;funcret
   117  001FF2                     __end_of_initialiseLED:
   118                           	opt stack 0
   119  0000                     
   120                           	psect	rparam


Data Sizes:
    Strings     0
    Constant    0
    Data        0
    BSS         0
    Persistent  0
    Stack       0

Auto Spaces:
    Space          Size  Autos    Used
    COMRAM           95      0       0
    BANK0           160      0       0
    BANK1           256      0       0
    BANK2           256      0       0

Pointer List with Targets:

    None.

Critical Paths under _main in COMRAM

    None.

Critical Paths under _main in BANK0

    None.

Critical Paths under _main in BANK1

    None.

Critical Paths under _main in BANK2

    None.

Call Graph Tables:

 ---------------------------------------------------------------------------------
 (Depth) Function   	        Calls       Base Space   Used Autos Params    Refs
 ---------------------------------------------------------------------------------
 (0) _main                                                 0     0      0       0
                      _initialiseLED
 ---------------------------------------------------------------------------------
 (1) _initialiseLED                                        0     0      0       0
 ---------------------------------------------------------------------------------
 Estimated maximum stack depth 1
 ---------------------------------------------------------------------------------

 Call Graph Graphs:

 _main (ROOT)
   _initialiseLED

 Address spaces:
Name               Size   Autos  Total    Cost      Usage
BITCOMRAM           5F      0       0       0        0.0%
EEDATA             100      0       0       0        0.0%
NULL                 0      0       0       0        0.0%
CODE                 0      0       0       0        0.0%
COMRAM              5F      0       0       1        0.0%
STACK                0      0       0       2        0.0%
ABS                  0      0       0       3        0.0%
BITBANK0            A0      0       0       4        0.0%
BANK0               A0      0       0       5        0.0%
BITBANK1           100      0       0       6        0.0%
BANK1              100      0       0       7        0.0%
BITBANK2           100      0       0       8        0.0%
BANK2              100      0       0       9        0.0%
BIGRAM             2FF      0       0      10        0.0%
DATA                 0      0       0      11        0.0%
BITSFR               0      0       0      40        0.0%
SFR                  0      0       0      40        0.0%


Microchip Technology PIC18 Macro Assembler V1.35 build -356382666 
Symbol Table                                                                                   Tue Oct 31 11:20:38 2017

                   _main 1FF8                     start 0000             ___param_bank 000010  
                  ?_main 0000          __initialization 1FF2             __end_of_main 2000  
                 ??_main 0000            __activetblptr 000000   __size_of_initialiseLED 0002  
             __accesstop 0060  __end_of__initialization 1FF2            ___rparam_used 000001  
         __pcstackCOMRAM 0000            _initialiseLED 1FF0           ?_initialiseLED 0000  
                __Hparam 0000                  __Lparam 0000                  __pcinit 1FF2  
                __ramtop 0300                  __ptext0 1FF8                  __ptext1 1FF0  
   end_of_initialization 1FF2          ??_initialiseLED 0000      start_initialization 1FF2  
               _LATCbits 000F8B                 __Hrparam 0000                 __Lrparam 0000  
          __size_of_main 0008    __end_of_initialiseLED 1FF2  
